<?xml version="1.0" encoding="UTF-8"?>
<!-- Generated by org.testng.reporters.JUnitReportReporter -->
<testsuite hostname="DESKTOP-K8C255O" failures="0" tests="1" name="com.api.deom.Data_Validation" time="6.755" errors="0" timestamp="2022-04-29T18:41:02 GMT-07:00" skipped="0">
  <testcase classname="com.api.deom.Data_Validation" name="data_Validation" time="6.755"/>
  <system-out/>
</testsuite> <!-- com.api.deom.Data_Validation -->
