<?xml version="1.0" encoding="UTF-8"?>
<!-- Generated by org.testng.reporters.JUnitReportReporter -->
<testsuite hostname="DESKTOP-K8C255O" failures="0" tests="1" name="api.online.HTTPURLConnectionExample" time="4.212" errors="0" timestamp="2022-05-11T20:14:39 GMT-07:00" skipped="0">
  <testcase classname="api.online.HTTPURLConnectionExample" name="getmethodExample" time="4.212"/>
  <system-out/>
</testsuite> <!-- api.online.HTTPURLConnectionExample -->
